0 info it worked if it ends with ok
1 verbose cli [ 'node', '/usr/local/bin/npm', 'install', 'http-server', '-g' ]
2 info using npm@1.2.15
3 info using node@v0.10.2
4 verbose read json /usr/local/lib/package.json
5 verbose read json /usr/local/lib/package.json
6 verbose cache add [ 'http-server', null ]
7 verbose cache add name=undefined spec="http-server" args=["http-server",null]
8 verbose parsed url { protocol: null,
8 verbose parsed url   slashes: null,
8 verbose parsed url   auth: null,
8 verbose parsed url   host: null,
8 verbose parsed url   port: null,
8 verbose parsed url   hostname: null,
8 verbose parsed url   hash: null,
8 verbose parsed url   search: null,
8 verbose parsed url   query: null,
8 verbose parsed url   pathname: 'http-server',
8 verbose parsed url   path: 'http-server',
8 verbose parsed url   href: 'http-server' }
9 silly lockFile ed608307-http-server http-server
10 verbose lock http-server /Users/andrew/.npm/ed608307-http-server.lock
11 silly lockFile ed608307-http-server http-server
12 silly lockFile ed608307-http-server http-server
13 verbose addNamed [ 'http-server', '' ]
14 verbose addNamed [ null, '' ]
15 silly lockFile 550353c6-http-server http-server@
16 verbose lock http-server@ /Users/andrew/.npm/550353c6-http-server.lock
17 silly addNameRange { name: 'http-server', range: '', hasData: false }
18 verbose url raw http-server
19 verbose url resolving [ 'https://registry.npmjs.org/', './http-server' ]
20 verbose url resolved https://registry.npmjs.org/http-server
21 info trying registry request attempt 1 at 21:04:28
22 http GET https://registry.npmjs.org/http-server
23 http 200 https://registry.npmjs.org/http-server
24 silly registry.get cb [ 200,
24 silly registry.get   { vary: 'Accept',
24 silly registry.get     server: 'CouchDB/1.3.0 (Erlang OTP/R15B03)',
24 silly registry.get     etag: '"7NZDJD8DI0BFRER1Y6SNGMFGO"',
24 silly registry.get     date: 'Tue, 30 Jul 2013 19:04:23 GMT',
24 silly registry.get     'content-type': 'application/json',
24 silly registry.get     'content-length': '35675' } ]
25 silly addNameRange number 2 { name: 'http-server', range: '', hasData: true }
26 silly addNameRange versions [ 'http-server',
26 silly addNameRange   [ '0.1.0',
26 silly addNameRange     '0.1.1',
26 silly addNameRange     '0.1.3',
26 silly addNameRange     '0.2.1',
26 silly addNameRange     '0.2.2',
26 silly addNameRange     '0.2.3',
26 silly addNameRange     '0.2.4',
26 silly addNameRange     '0.2.5',
26 silly addNameRange     '0.2.6',
26 silly addNameRange     '0.2.9',
26 silly addNameRange     '0.3.0',
26 silly addNameRange     '0.4.0',
26 silly addNameRange     '0.4.1',
26 silly addNameRange     '0.5.0',
26 silly addNameRange     '0.5.1',
26 silly addNameRange     '0.5.2',
26 silly addNameRange     '0.5.3',
26 silly addNameRange     '0.5.5' ] ]
27 verbose addNamed [ 'http-server', '0.5.5' ]
28 verbose addNamed [ '0.5.5', '0.5.5' ]
29 silly lockFile da1c7d0a-http-server-0-5-5 http-server@0.5.5
30 verbose lock http-server@0.5.5 /Users/andrew/.npm/da1c7d0a-http-server-0-5-5.lock
31 silly lockFile cf7d22c2-ttp-server-http-server-0-5-5-tgz https://registry.npmjs.org/http-server/-/http-server-0.5.5.tgz
32 verbose lock https://registry.npmjs.org/http-server/-/http-server-0.5.5.tgz /Users/andrew/.npm/cf7d22c2-ttp-server-http-server-0-5-5-tgz.lock
33 verbose addRemoteTarball [ 'https://registry.npmjs.org/http-server/-/http-server-0.5.5.tgz',
33 verbose addRemoteTarball   'f642557a28956a53e24c46927bcc804260fd7754' ]
34 info retry fetch attempt 1 at 21:04:29
35 verbose fetch to= /var/folders/m0/sqkmkhnn5gv2913027f4l90w0000gp/T/npm-4709/1375211069983-0.18934697355143726/tmp.tgz
36 http GET https://registry.npmjs.org/http-server/-/http-server-0.5.5.tgz
37 http 200 https://registry.npmjs.org/http-server/-/http-server-0.5.5.tgz
38 silly shasum updated bytes 65536
39 silly shasum updated bytes 65536
40 silly shasum updated bytes 65536
41 silly shasum updated bytes 65536
42 silly shasum updated bytes 65536
43 silly shasum updated bytes 65536
44 silly shasum updated bytes 65536
45 silly shasum updated bytes 10169
46 info shasum f642557a28956a53e24c46927bcc804260fd7754
46 info shasum /var/folders/m0/sqkmkhnn5gv2913027f4l90w0000gp/T/npm-4709/1375211069983-0.18934697355143726/tmp.tgz
47 verbose tar unpack /var/folders/m0/sqkmkhnn5gv2913027f4l90w0000gp/T/npm-4709/1375211069983-0.18934697355143726/tmp.tgz
48 silly lockFile 07a84a88-9983-0-18934697355143726-package /var/folders/m0/sqkmkhnn5gv2913027f4l90w0000gp/T/npm-4709/1375211069983-0.18934697355143726/package
49 verbose lock /var/folders/m0/sqkmkhnn5gv2913027f4l90w0000gp/T/npm-4709/1375211069983-0.18934697355143726/package /Users/andrew/.npm/07a84a88-9983-0-18934697355143726-package.lock
50 silly lockFile 153e5ddb-9983-0-18934697355143726-tmp-tgz /var/folders/m0/sqkmkhnn5gv2913027f4l90w0000gp/T/npm-4709/1375211069983-0.18934697355143726/tmp.tgz
51 verbose lock /var/folders/m0/sqkmkhnn5gv2913027f4l90w0000gp/T/npm-4709/1375211069983-0.18934697355143726/tmp.tgz /Users/andrew/.npm/153e5ddb-9983-0-18934697355143726-tmp-tgz.lock
52 silly gunzTarPerm modes [ '755', '644' ]
53 silly gunzTarPerm extractEntry package.json
54 silly gunzTarPerm extractEntry .npmignore
55 silly gunzTarPerm extractEntry README.md
56 silly gunzTarPerm extractEntry LICENSE
57 silly gunzTarPerm extractEntry bin/http-server
58 silly gunzTarPerm extractEntry lib/http-server.js
59 silly gunzTarPerm extractEntry public/404.html
60 silly gunzTarPerm extractEntry public/img/turtle.png
61 silly gunzTarPerm extractEntry public/index.html
62 silly gunzTarPerm extractEntry screenshots/directory.png
63 silly gunzTarPerm extractEntry screenshots/public.png
64 silly gunzTarPerm extractEntry screenshots/start.png
65 silly gunzTarPerm extractEntry test/http-server-test.js
66 silly gunzTarPerm extractEntry test/fixtures/root/canYouSeeMe
67 silly gunzTarPerm extractEntry test/fixtures/root/file
68 verbose read json /var/folders/m0/sqkmkhnn5gv2913027f4l90w0000gp/T/npm-4709/1375211069983-0.18934697355143726/package/package.json
69 silly lockFile 07a84a88-9983-0-18934697355143726-package /var/folders/m0/sqkmkhnn5gv2913027f4l90w0000gp/T/npm-4709/1375211069983-0.18934697355143726/package
70 silly lockFile 07a84a88-9983-0-18934697355143726-package /var/folders/m0/sqkmkhnn5gv2913027f4l90w0000gp/T/npm-4709/1375211069983-0.18934697355143726/package
71 silly lockFile 153e5ddb-9983-0-18934697355143726-tmp-tgz /var/folders/m0/sqkmkhnn5gv2913027f4l90w0000gp/T/npm-4709/1375211069983-0.18934697355143726/tmp.tgz
72 silly lockFile 153e5ddb-9983-0-18934697355143726-tmp-tgz /var/folders/m0/sqkmkhnn5gv2913027f4l90w0000gp/T/npm-4709/1375211069983-0.18934697355143726/tmp.tgz
73 verbose from cache /var/folders/m0/sqkmkhnn5gv2913027f4l90w0000gp/T/npm-4709/1375211069983-0.18934697355143726/package/package.json
74 verbose tar pack [ '/Users/andrew/.npm/http-server/0.5.5/package.tgz',
74 verbose tar pack   '/var/folders/m0/sqkmkhnn5gv2913027f4l90w0000gp/T/npm-4709/1375211069983-0.18934697355143726/package' ]
75 verbose tarball /Users/andrew/.npm/http-server/0.5.5/package.tgz
76 verbose folder /var/folders/m0/sqkmkhnn5gv2913027f4l90w0000gp/T/npm-4709/1375211069983-0.18934697355143726/package
77 silly lockFile 07a84a88-9983-0-18934697355143726-package /var/folders/m0/sqkmkhnn5gv2913027f4l90w0000gp/T/npm-4709/1375211069983-0.18934697355143726/package
78 verbose lock /var/folders/m0/sqkmkhnn5gv2913027f4l90w0000gp/T/npm-4709/1375211069983-0.18934697355143726/package /Users/andrew/.npm/07a84a88-9983-0-18934697355143726-package.lock
79 silly lockFile f2cf3f5e-pm-http-server-0-5-5-package-tgz /Users/andrew/.npm/http-server/0.5.5/package.tgz
80 verbose lock /Users/andrew/.npm/http-server/0.5.5/package.tgz /Users/andrew/.npm/f2cf3f5e-pm-http-server-0-5-5-package-tgz.lock
81 silly lockFile 07a84a88-9983-0-18934697355143726-package /var/folders/m0/sqkmkhnn5gv2913027f4l90w0000gp/T/npm-4709/1375211069983-0.18934697355143726/package
82 silly lockFile 07a84a88-9983-0-18934697355143726-package /var/folders/m0/sqkmkhnn5gv2913027f4l90w0000gp/T/npm-4709/1375211069983-0.18934697355143726/package
83 silly lockFile f2cf3f5e-pm-http-server-0-5-5-package-tgz /Users/andrew/.npm/http-server/0.5.5/package.tgz
84 silly lockFile f2cf3f5e-pm-http-server-0-5-5-package-tgz /Users/andrew/.npm/http-server/0.5.5/package.tgz
85 silly lockFile 30208a68-ew-npm-http-server-0-5-5-package /Users/andrew/.npm/http-server/0.5.5/package
86 verbose lock /Users/andrew/.npm/http-server/0.5.5/package /Users/andrew/.npm/30208a68-ew-npm-http-server-0-5-5-package.lock
87 silly lockFile 30208a68-ew-npm-http-server-0-5-5-package /Users/andrew/.npm/http-server/0.5.5/package
88 silly lockFile 30208a68-ew-npm-http-server-0-5-5-package /Users/andrew/.npm/http-server/0.5.5/package
89 verbose tar unpack /Users/andrew/.npm/http-server/0.5.5/package.tgz
90 silly lockFile 30208a68-ew-npm-http-server-0-5-5-package /Users/andrew/.npm/http-server/0.5.5/package
91 verbose lock /Users/andrew/.npm/http-server/0.5.5/package /Users/andrew/.npm/30208a68-ew-npm-http-server-0-5-5-package.lock
92 silly lockFile f2cf3f5e-pm-http-server-0-5-5-package-tgz /Users/andrew/.npm/http-server/0.5.5/package.tgz
93 verbose lock /Users/andrew/.npm/http-server/0.5.5/package.tgz /Users/andrew/.npm/f2cf3f5e-pm-http-server-0-5-5-package-tgz.lock
94 silly gunzTarPerm modes [ '755', '644' ]
95 silly gunzTarPerm extractEntry package.json
96 silly gunzTarPerm extractEntry .npmignore
97 silly gunzTarPerm extractEntry README.md
98 silly gunzTarPerm extractEntry LICENSE
99 silly gunzTarPerm extractEntry bin/http-server
100 silly gunzTarPerm extractEntry lib/http-server.js
101 silly gunzTarPerm extractEntry public/404.html
102 silly gunzTarPerm extractEntry public/img/turtle.png
103 silly gunzTarPerm extractEntry public/index.html
104 silly gunzTarPerm extractEntry screenshots/directory.png
105 silly gunzTarPerm extractEntry screenshots/public.png
106 silly gunzTarPerm extractEntry screenshots/start.png
107 silly gunzTarPerm extractEntry test/http-server-test.js
108 silly gunzTarPerm extractEntry test/fixtures/root/canYouSeeMe
109 silly gunzTarPerm extractEntry test/fixtures/root/file
110 verbose read json /Users/andrew/.npm/http-server/0.5.5/package/package.json
111 silly lockFile 30208a68-ew-npm-http-server-0-5-5-package /Users/andrew/.npm/http-server/0.5.5/package
112 silly lockFile 30208a68-ew-npm-http-server-0-5-5-package /Users/andrew/.npm/http-server/0.5.5/package
113 silly lockFile f2cf3f5e-pm-http-server-0-5-5-package-tgz /Users/andrew/.npm/http-server/0.5.5/package.tgz
114 silly lockFile f2cf3f5e-pm-http-server-0-5-5-package-tgz /Users/andrew/.npm/http-server/0.5.5/package.tgz
115 silly shasum updated bytes 65536
116 silly shasum updated bytes 65536
117 silly shasum updated bytes 65536
118 silly shasum updated bytes 65536
119 silly shasum updated bytes 65536
120 silly shasum updated bytes 65536
121 silly shasum updated bytes 65536
122 silly shasum updated bytes 10168
123 info shasum 6b5e45d45d6f2428a8a35d33bbc73c14d4ef2724
123 info shasum /Users/andrew/.npm/http-server/0.5.5/package.tgz
124 verbose from cache /Users/andrew/.npm/http-server/0.5.5/package/package.json
125 verbose chmod /Users/andrew/.npm/http-server/0.5.5/package.tgz 644
126 verbose chown /Users/andrew/.npm/http-server/0.5.5/package.tgz [ 502, 20 ]
127 silly lockFile cf7d22c2-ttp-server-http-server-0-5-5-tgz https://registry.npmjs.org/http-server/-/http-server-0.5.5.tgz
128 silly lockFile cf7d22c2-ttp-server-http-server-0-5-5-tgz https://registry.npmjs.org/http-server/-/http-server-0.5.5.tgz
129 silly lockFile da1c7d0a-http-server-0-5-5 http-server@0.5.5
130 silly lockFile da1c7d0a-http-server-0-5-5 http-server@0.5.5
131 silly lockFile 550353c6-http-server http-server@
132 silly lockFile 550353c6-http-server http-server@
133 silly resolved [ { name: 'http-server',
133 silly resolved     version: '0.5.5',
133 silly resolved     author: { name: 'Nodejitsu', email: 'support@nodejitsu.com' },
133 silly resolved     description: 'a simple zero-configuration command-line http server',
133 silly resolved     main: './lib/http-server',
133 silly resolved     repository:
133 silly resolved      { type: 'git',
133 silly resolved        url: 'git://github.com/nodeapps/http-server.git' },
133 silly resolved     keywords: [ 'cli', 'command' ],
133 silly resolved     scripts:
133 silly resolved      { start: 'node ./bin/http-server',
133 silly resolved        test: 'vows --spec --isolate' },
133 silly resolved     contributors:
133 silly resolved      [ [Object],
133 silly resolved        [Object],
133 silly resolved        [Object],
133 silly resolved        [Object],
133 silly resolved        [Object],
133 silly resolved        [Object],
133 silly resolved        [Object],
133 silly resolved        [Object] ],
133 silly resolved     dependencies:
133 silly resolved      { colors: '0.6.x',
133 silly resolved        optimist: '0.5.x',
133 silly resolved        union: '0.3.x',
133 silly resolved        ecstatic: '0.4.x',
133 silly resolved        portfinder: '0.2.x' },
133 silly resolved     devDependencies: { vows: '0.7.x', request: '2.21.x' },
133 silly resolved     bugs: { url: 'https://github.com/nodeapps/http-server/issues' },
133 silly resolved     licenses: [ [Object] ],
133 silly resolved     analyze: false,
133 silly resolved     preferGlobal: 'true',
133 silly resolved     bin: { 'http-server': './bin/http-server' },
133 silly resolved     readme: '# http-server: a command-line http server\n\n`http-server` is a simple, zero-configuration command-line http server.  It is powerful enough for production usage, but it\'s simple and hackable enough to be used for testing, local development, and learning.\n\n![](https://github.com/nodeapps/http-server/raw/master/screenshots/public.png)\n\n# Installing globally:\n\nInstallation via `npm`.  If you don\'t have `npm` yet:\n\n     curl http://npmjs.org/install.sh | sh\n     \nOnce you have `npm`:\n\n     npm install http-server -g\n     \nThis will install `http-server` globally so that it may be run from the command line.\n\n## Usage:\n\n     http-server [path] [options]\n\n`[path]` defaults to `./public` if the folder exists, and `./` otherwise.\n\n# Installing as a node app\n\n     mkdir myapp\n     cd myapp/\n     jitsu install http-server\n\n*If you do not have `jitsu` installed you can install it via `npm install jitsu -g`*\n\n## Usage\n\n### Starting http-server locally\n\n     node bin/http-server\n\n*Now you can visit http://localhost:8080 to view your server*\n\n### Deploy http-server to nodejitsu\n\n     jitsu deploy\n\n*You will now be prompted for a `subdomain` to deploy your application on*\n\n## Available Options:\n\n`-p` Port to listen for connections on (defaults to 8080)\n\n`-a` Address to bind to (defaults to \'0.0.0.0\')\n\n`-d` Show directory listings (defaults to \'True\')\n\n`-i` Display autoIndex (defaults to \'True\')\n\n`-e` or `--ext` Default file extension (defaults to \'html\')\n\n`-s` or `--silent` In silent mode, log messages aren\'t logged to the console.\n\n`-h` or `--help` Displays a list of commands and exits.\n\n`-c` Set cache time (in seconds) for cache-control max-age header, e.g. -c10 for 10 seconds. To disable caching, use -c-1.\n',
133 silly resolved     readmeFilename: 'README.md',
133 silly resolved     _id: 'http-server@0.5.5',
133 silly resolved     dist: { shasum: '6b5e45d45d6f2428a8a35d33bbc73c14d4ef2724' },
133 silly resolved     _from: 'http-server@',
133 silly resolved     _resolved: 'https://registry.npmjs.org/http-server/-/http-server-0.5.5.tgz' } ]
134 info install http-server@0.5.5 into /usr/local/lib
135 info installOne http-server@0.5.5
136 verbose from cache /Users/andrew/.npm/http-server/0.5.5/package/package.json
137 info /usr/local/lib/node_modules/http-server unbuild
138 verbose read json /usr/local/lib/node_modules/http-server/package.json
139 verbose tar unpack /Users/andrew/.npm/http-server/0.5.5/package.tgz
140 silly lockFile ae30c9ae-cal-lib-node-modules-http-server /usr/local/lib/node_modules/http-server
141 verbose lock /usr/local/lib/node_modules/http-server /Users/andrew/.npm/ae30c9ae-cal-lib-node-modules-http-server.lock
142 silly lockFile f2cf3f5e-pm-http-server-0-5-5-package-tgz /Users/andrew/.npm/http-server/0.5.5/package.tgz
143 verbose lock /Users/andrew/.npm/http-server/0.5.5/package.tgz /Users/andrew/.npm/f2cf3f5e-pm-http-server-0-5-5-package-tgz.lock
144 silly gunzTarPerm modes [ '755', '644' ]
145 error Error: EACCES, mkdir '/usr/local/lib/node_modules/http-server'
145 error  { [Error: EACCES, mkdir '/usr/local/lib/node_modules/http-server']
145 error   errno: 3,
145 error   code: 'EACCES',
145 error   path: '/usr/local/lib/node_modules/http-server',
145 error   fstream_type: 'Directory',
145 error   fstream_path: '/usr/local/lib/node_modules/http-server',
145 error   fstream_class: 'DirWriter',
145 error   fstream_stack:
145 error    [ '/usr/local/lib/node_modules/npm/node_modules/fstream/lib/dir-writer.js:36:23',
145 error      '/usr/local/lib/node_modules/npm/node_modules/mkdirp/index.js:37:53',
145 error      'Object.oncomplete (fs.js:107:15)' ] }
146 error Please try running this command again as root/Administrator.
147 error System Darwin 12.4.0
148 error command "node" "/usr/local/bin/npm" "install" "http-server" "-g"
149 error cwd /Users/andrew/supprly/bitstarter
150 error node -v v0.10.2
151 error npm -v 1.2.15
152 error path /usr/local/lib/node_modules/http-server
153 error fstream_path /usr/local/lib/node_modules/http-server
154 error fstream_type Directory
155 error fstream_class DirWriter
156 error code EACCES
157 error errno 3
158 error stack Error: EACCES, mkdir '/usr/local/lib/node_modules/http-server'
159 error fstream_stack /usr/local/lib/node_modules/npm/node_modules/fstream/lib/dir-writer.js:36:23
159 error fstream_stack /usr/local/lib/node_modules/npm/node_modules/mkdirp/index.js:37:53
159 error fstream_stack Object.oncomplete (fs.js:107:15)
160 verbose exit [ 3, true ]
